<?xml version="1.0" encoding="UTF-8"?>
<!-- Generated by org.testng.reporters.JUnitReportReporter -->
<testsuite skipped="0" hostname="Sahil" name="com.tc2.TestCase1" tests="1" failures="0" timestamp="03 Jun 2018 19:47:53 GMT" time="0.307" errors="0">
  <testcase name="firstTest" time="0.307" classname="com.tc2.TestCase1"/>
</testsuite> <!-- com.tc2.TestCase1 -->
